<?xml version="1.0" encoding="UTF-8"?>
<testng-results skipped="0" failed="0" ignored="0" total="1" passed="1">
  <reporter-output>
  </reporter-output>
  <suite name="Default suite" duration-ms="12354" started-at="2018-06-17T04:12:47Z" finished-at="2018-06-17T04:13:00Z">
    <groups>
    </groups>
    <test name="Default test" duration-ms="12354" started-at="2018-06-17T04:12:47Z" finished-at="2018-06-17T04:13:00Z">
      <class name="samplejittest.samlejittest">
        <test-method status="PASS" signature="logintest()[pri:0, instance:samplejittest.samlejittest@9273a8]" name="logintest" duration-ms="12312" started-at="2018-06-17T04:12:47Z" finished-at="2018-06-17T04:13:00Z">
          <reporter-output>
          </reporter-output>
        </test-method> <!-- logintest -->
      </class> <!-- samplejittest.samlejittest -->
    </test> <!-- Default test -->
  </suite> <!-- Default suite -->
</testng-results>
